

================================================================================
Datum: 13.03.2026 19:52:44
================================================================================
Neue Freelancer-Anfrage

=== EINSATZ / PROJEKTDATEN ===
Projektname: Kalender Entwicklung
Zeitraum von: 2026-01-21
Zeitraum bis: 2026-01-01
Projektort: Hybrid
Arbeitszeiten: 20h die Woche

=== PROJEKTBEDARF ===
Art des Einsatzes: Feature-Entwicklung, Frontend
Technologien: React
Beschreibung:
Webseite Entwickeln

=== KONTAKTDATEN ===
Ansprechpartner: Herr Stern
Unternehmen: DB
E-Mail: krikunalexander@yahoo.de
Telefon: 015732609073


================================================================================
Datum: 13.03.2026 20:09:17
================================================================================
Neue Freelancer-Anfrage

=== EINSATZ / PROJEKTDATEN ===
Projektname: eqeqwe
Zeitraum von: 2026-02-01
Zeitraum bis: 1333-02-01
Projektort: Remote
Arbeitszeiten: 20h die Woche

=== PROJEKTBEDARF ===
Art des Einsatzes: Feature-Entwicklung, CMS-Setup, Frontend
Technologien: 3213
Beschreibung:
3213

=== KONTAKTDATEN ===
Ansprechpartner: 213123
Unternehmen: 3123
E-Mail: krikunalexander@yahoo.de
Telefon: 015732609073


================================================================================
Datum: 13.03.2026 20:22:37
================================================================================
Neue Freelancer-Anfrage

=== EINSATZ / PROJEKTDATEN ===
Projektname: Kalender Entwicklung
Zeitraum von: 2027-01-01
Zeitraum bis: 2026-01-01
Projektort: Remote
Arbeitszeiten: 20h die Woche

=== PROJEKTBEDARF ===
Art des Einsatzes: Feature-Entwicklung, CMS-Setup
Technologien: React
Beschreibung:
fdsfdsf

=== KONTAKTDATEN ===
Ansprechpartner: Herr Stern
Unternehmen: DB
E-Mail: krikunalexander@yahoo.de
Telefon: 015732609073


================================================================================
Datum: 13.03.2026 20:23:58
================================================================================
Neue Freelancer-Anfrage

=== EINSATZ / PROJEKTDATEN ===
Projektname: Kalender Entwicklung
Zeitraum von: 2027-01-01
Zeitraum bis: 2026-01-01
Projektort: Remote
Arbeitszeiten: 20h die Woche

=== PROJEKTBEDARF ===
Art des Einsatzes: Feature-Entwicklung, CMS-Setup
Technologien: React
Beschreibung:
fdsfdsf

=== KONTAKTDATEN ===
Ansprechpartner: Herr Stern
Unternehmen: DB
E-Mail: krikunalexander@yahoo.de
Telefon: 015732609073
