

================================================================================
Datum: 13.03.2026 20:03:10
================================================================================
Neue Website-Projekt Anfrage

=== PROJEKTDETAILS ===
Projektname: Kalender Entwicklung
Ziel des Projekts:
dsdsds

CMS-Wunsch: WordPress
Website-Typ: Unternehmenswebsite

=== INHALTE & FUNKTIONALITÄT ===
Benötigte Features: Kontaktformular, Blog / Newsbereich
Individuelle Funktionen: 
Design-Vorgaben:


=== KONTAKTDATEN ===
Ansprechpartner: Herr Stern
Unternehmen: DB
E-Mail: krikunalexander@yahoo.de
Telefon: 015732609073
Besondere Hinweise:
gdfgdfg


================================================================================
Datum: 13.03.2026 20:24:35
================================================================================
Neue Website-Projekt Anfrage

=== PROJEKTDETAILS ===
Projektname: Website.de
Ziel des Projekts:
Neue Firmenwebseite

CMS-Wunsch: WordPress
Website-Typ: Onepager / Landingpage

=== INHALTE & FUNKTIONALITÄT ===
Benötigte Features: Kontaktformular, E-Commerce / Shop, Newsletter / Mailing
Individuelle Funktionen: dwdw
Design-Vorgaben:
ewewe

=== KONTAKTDATEN ===
Ansprechpartner: Herr Stern
Unternehmen: DB
E-Mail: krikunalexander@yahoo.de
Telefon: 015732609073
Besondere Hinweise:
sadsdwds
